<?xml version="1.0" encoding="UTF-8"?>
<!-- Generated by org.testng.reporters.JUnitXMLReporter -->
<testsuite hostname="DESKTOP-0AA0O4F" ignored="0" name="Command line test" tests="6" failures="0" timestamp="20 Jul 2019 18:23:32 GMT" time="0.049" errors="0">
  <testcase name="iosApps" time="0.011" classname="mytestcases.AppiumTest"/>
  <testcase name="nativeAppAndroid" time="0.002" classname="mytestcases.AppiumTest"/>
  <testcase name="deleteTwitter" time="0.0" classname="mytestcases.RestApiTest"/>
  <testcase name="postJira" time="0.0" classname="mytestcases.RestApiTest"/>
  <testcase name="BrowserAutomation" time="0.001" classname="mytestcases.SeleniumTest"/>
  <testcase name="elements" time="0.0" classname="mytestcases.SeleniumTest"/>
</testsuite> <!-- Command line test -->
